TN:
SF:backend\server.js
FN:1,(empty-report)
FNF:1
FNH:0
FNDA:0,(empty-report)
DA:1,0
DA:2,0
DA:3,0
DA:4,0
DA:5,0
DA:6,0
DA:7,0
DA:8,0
DA:9,0
DA:10,0
DA:11,0
DA:12,0
DA:13,0
DA:14,0
DA:15,0
DA:16,0
DA:17,0
DA:18,0
DA:19,0
DA:20,0
DA:21,0
DA:22,0
DA:23,0
DA:24,0
DA:25,0
DA:26,0
DA:27,0
DA:28,0
DA:29,0
DA:30,0
DA:31,0
DA:32,0
DA:33,0
DA:34,0
DA:35,0
DA:36,0
DA:37,0
DA:38,0
DA:39,0
LF:39
LH:0
BRDA:1,0,0,0
BRF:1
BRH:0
end_of_record
TN:
SF:backend\controllers\auth.controller.js
FN:6,signup
FN:56,login
FN:80,logout
FNF:3
FNH:2
FNDA:3,signup
FNDA:2,login
FNDA:0,logout
DA:1,1
DA:2,1
DA:3,1
DA:4,1
DA:5,1
DA:6,1
DA:7,3
DA:8,3
DA:9,3
DA:10,3
DA:11,1
DA:12,1
DA:13,2
DA:14,2
DA:15,2
DA:16,3
DA:17,1
DA:18,1
DA:19,1
DA:20,1
DA:21,1
DA:22,1
DA:23,1
DA:24,1
DA:25,1
DA:26,1
DA:27,1
DA:28,1
DA:29,1
DA:30,1
DA:31,1
DA:32,1
DA:33,1
DA:34,1
DA:35,1
DA:36,1
DA:37,1
DA:38,1
DA:39,1
DA:40,1
DA:41,1
DA:42,1
DA:43,1
DA:44,1
DA:45,1
DA:46,3
DA:47,0
DA:48,0
DA:49,3
DA:50,3
DA:51,0
DA:52,0
DA:53,0
DA:54,3
DA:55,1
DA:56,1
DA:57,2
DA:58,2
DA:59,2
DA:60,2
DA:61,2
DA:62,2
DA:63,2
DA:64,1
DA:65,1
DA:66,1
DA:67,1
DA:68,1
DA:69,1
DA:70,1
DA:71,1
DA:72,1
DA:73,1
DA:74,2
DA:75,0
DA:76,0
DA:77,0
DA:78,2
DA:79,1
DA:80,1
DA:81,0
DA:82,0
DA:83,0
DA:84,0
DA:85,0
DA:86,0
DA:87,0
DA:88,0
DA:89,0
DA:90,0
LF:90
LH:72
BRDA:6,0,0,3
BRDA:10,1,0,1
BRDA:13,2,0,2
BRDA:16,3,0,1
BRDA:46,4,0,0
BRDA:50,5,0,0
BRDA:56,6,0,2
BRDA:61,7,0,1
BRDA:61,8,0,1
BRDA:63,9,0,1
BRDA:63,10,0,1
BRDA:74,11,0,0
BRF:12
BRH:9
end_of_record
TN:
SF:backend\controllers\message.controller.js
FN:5,sendMessage
FN:51,getMessages
FNF:2
FNH:2
FNDA:2,sendMessage
FNDA:2,getMessages
DA:1,1
DA:2,1
DA:3,1
DA:4,1
DA:5,1
DA:6,2
DA:7,2
DA:8,2
DA:9,2
DA:10,2
DA:11,2
DA:12,2
DA:13,2
DA:14,2
DA:15,2
DA:16,1
DA:17,1
DA:18,1
DA:19,1
DA:20,2
DA:21,2
DA:22,2
DA:23,2
DA:24,2
DA:25,2
DA:26,2
DA:27,2
DA:28,2
DA:29,2
DA:30,2
DA:31,2
DA:32,2
DA:33,2
DA:34,2
DA:35,2
DA:36,2
DA:37,2
DA:38,2
DA:39,2
DA:40,2
DA:41,2
DA:42,2
DA:43,2
DA:44,2
DA:45,2
DA:46,0
DA:47,0
DA:48,0
DA:49,2
DA:50,1
DA:51,1
DA:52,2
DA:53,2
DA:54,2
DA:55,2
DA:56,2
DA:57,2
DA:58,2
DA:59,2
DA:60,2
DA:61,1
DA:62,1
DA:63,1
DA:64,1
DA:65,2
DA:66,0
DA:67,0
DA:68,0
DA:69,2
LF:69
LH:63
BRDA:5,0,0,2
BRDA:15,1,0,1
BRDA:45,2,0,0
BRDA:51,3,0,2
BRDA:60,4,0,1
BRDA:65,5,0,0
BRF:6
BRH:4
end_of_record
TN:
SF:backend\controllers\user.controller.js
FN:4,getUsersForSidebar
FNF:1
FNH:1
FNDA:2,getUsersForSidebar
DA:1,1
DA:2,1
DA:3,1
DA:4,1
DA:5,2
DA:6,2
DA:7,2
DA:8,2
DA:9,1
DA:10,1
DA:11,2
DA:12,2
DA:13,1
DA:14,1
DA:15,1
DA:16,1
DA:17,1
DA:18,1
DA:19,1
DA:20,1
DA:21,2
LF:21
LH:21
BRDA:4,0,0,2
BRDA:9,1,0,1
BRDA:10,2,0,2
BRF:3
BRH:3
end_of_record
TN:
SF:backend\db\connectToMongoDB.js
FN:3,connectToMongoDB
FNF:1
FNH:1
FNDA:2,connectToMongoDB
DA:1,1
DA:2,1
DA:3,1
DA:4,2
DA:5,2
DA:6,1
DA:7,1
DA:8,1
DA:9,1
DA:10,1
DA:11,2
DA:12,1
DA:13,1
LF:13
LH:13
BRDA:3,0,0,2
BRDA:6,1,0,1
BRF:2
BRH:2
end_of_record
TN:
SF:backend\middleware\protectRoute.js
FN:4,protectRoute
FNF:1
FNH:1
FNDA:4,protectRoute
DA:1,1
DA:2,1
DA:3,1
DA:4,1
DA:5,4
DA:6,4
DA:7,4
DA:8,4
DA:9,1
DA:10,1
DA:11,3
DA:12,3
DA:13,3
DA:14,4
DA:15,0
DA:16,0
DA:17,2
DA:18,2
DA:19,2
DA:20,4
DA:21,1
DA:22,1
DA:23,1
DA:24,1
DA:25,1
DA:26,1
DA:27,1
DA:28,1
DA:29,1
DA:30,1
DA:31,1
DA:32,4
DA:33,1
DA:34,1
LF:34
LH:32
BRDA:4,0,0,4
BRDA:8,1,0,1
BRDA:11,2,0,3
BRDA:14,3,0,0
BRDA:17,4,0,2
BRDA:20,5,0,1
BRF:6
BRH:5
end_of_record
TN:
SF:backend\models\conversation.model.js
FNF:0
FNH:0
DA:1,1
DA:2,1
DA:3,1
DA:4,1
DA:5,1
DA:6,1
DA:7,1
DA:8,1
DA:9,1
DA:10,1
DA:11,1
DA:12,1
DA:13,1
DA:14,1
DA:15,1
DA:16,1
DA:17,1
DA:18,1
DA:19,1
DA:20,1
DA:21,1
DA:22,1
DA:23,1
DA:24,1
LF:24
LH:24
BRF:0
BRH:0
end_of_record
TN:
SF:backend\models\message.model.js
FNF:0
FNH:0
DA:1,1
DA:2,1
DA:3,1
DA:4,1
DA:5,1
DA:6,1
DA:7,1
DA:8,1
DA:9,1
DA:10,1
DA:11,1
DA:12,1
DA:13,1
DA:14,1
DA:15,1
DA:16,1
DA:17,1
DA:18,1
DA:19,1
DA:20,1
DA:21,1
DA:22,1
DA:23,1
DA:24,1
DA:25,1
DA:26,1
LF:26
LH:26
BRF:0
BRH:0
end_of_record
TN:
SF:backend\models\user.model.js
FNF:0
FNH:0
DA:1,1
DA:2,1
DA:3,1
DA:4,1
DA:5,1
DA:6,1
DA:7,1
DA:8,1
DA:9,1
DA:10,1
DA:11,1
DA:12,1
DA:13,1
DA:14,1
DA:15,1
DA:16,1
DA:17,1
DA:18,1
DA:19,1
DA:20,1
DA:21,1
DA:22,1
DA:23,1
DA:24,1
DA:25,1
DA:26,1
DA:27,1
DA:28,1
DA:29,1
DA:30,1
DA:31,1
DA:32,1
DA:33,1
DA:34,1
DA:35,1
LF:35
LH:35
BRF:0
BRH:0
end_of_record
TN:
SF:backend\routes\auth.routes.js
FN:1,(empty-report)
FNF:1
FNH:0
FNDA:0,(empty-report)
DA:1,0
DA:2,0
DA:3,0
DA:4,0
DA:5,0
DA:6,0
DA:7,0
DA:8,0
DA:9,0
DA:10,0
DA:11,0
DA:12,0
DA:13,0
LF:13
LH:0
BRDA:1,0,0,0
BRF:1
BRH:0
end_of_record
TN:
SF:backend\routes\message.routes.js
FN:1,(empty-report)
FNF:1
FNH:0
FNDA:0,(empty-report)
DA:1,0
DA:2,0
DA:3,0
DA:4,0
DA:5,0
DA:6,0
DA:7,0
DA:8,0
DA:9,0
DA:10,0
LF:10
LH:0
BRDA:1,0,0,0
BRF:1
BRH:0
end_of_record
TN:
SF:backend\routes\user.routes.js
FN:1,(empty-report)
FNF:1
FNH:0
FNDA:0,(empty-report)
DA:1,0
DA:2,0
DA:3,0
DA:4,0
DA:5,0
DA:6,0
DA:7,0
DA:8,0
DA:9,0
LF:9
LH:0
BRDA:1,0,0,0
BRF:1
BRH:0
end_of_record
TN:
SF:backend\socket\socket.js
FN:15,getReceiverSocketId
FNF:1
FNH:0
FNDA:0,getReceiverSocketId
DA:1,1
DA:2,1
DA:3,1
DA:4,1
DA:5,1
DA:6,1
DA:7,1
DA:8,1
DA:9,1
DA:10,1
DA:11,1
DA:12,1
DA:13,1
DA:14,1
DA:15,1
DA:16,0
DA:17,0
DA:18,1
DA:19,1
DA:20,1
DA:21,1
DA:22,0
DA:23,0
DA:24,0
DA:25,0
DA:26,0
DA:27,0
DA:28,0
DA:29,0
DA:30,0
DA:31,0
DA:32,0
DA:33,0
DA:34,0
DA:35,0
DA:36,1
DA:37,1
LF:37
LH:21
BRF:0
BRH:0
end_of_record
TN:
SF:backend\utils\avatar.js
FN:3,sanitizeTemplate
FN:5,getTemplate
FN:13,replaceToken
FN:16,buildAvatarUrl
FN:31,ensureAvatarUrl
FNF:5
FNH:5
FNDA:1,sanitizeTemplate
FNDA:3,getTemplate
FNDA:9,replaceToken
FNDA:3,buildAvatarUrl
FNDA:2,ensureAvatarUrl
DA:1,1
DA:2,1
DA:3,1
DA:4,1
DA:5,1
DA:6,3
DA:7,3
DA:8,1
DA:9,1
DA:10,2
DA:11,2
DA:12,1
DA:13,1
DA:14,1
DA:15,1
DA:16,1
DA:17,3
DA:18,3
DA:19,3
DA:20,3
DA:21,3
DA:22,3
DA:23,3
DA:24,3
DA:25,3
DA:26,3
DA:27,3
DA:28,3
DA:29,3
DA:30,1
DA:31,1
DA:32,2
DA:33,1
DA:34,1
DA:35,1
DA:36,1
LF:36
LH:36
BRDA:3,0,0,1
BRDA:5,1,0,3
BRDA:7,2,0,1
BRDA:7,3,0,1
BRDA:10,4,0,2
BRDA:13,5,0,9
BRDA:16,6,0,3
BRDA:18,7,0,2
BRDA:18,8,0,1
BRDA:31,9,0,2
BRDA:32,10,0,1
BRDA:32,11,0,1
BRF:12
BRH:12
end_of_record
TN:
SF:backend\utils\generateToken.js
FN:3,generateTokenAndSetCookie
FNF:1
FNH:1
FNDA:3,generateTokenAndSetCookie
DA:1,1
DA:2,1
DA:3,1
DA:4,3
DA:5,3
DA:6,3
DA:7,3
DA:8,3
DA:9,3
DA:10,3
DA:11,3
DA:12,3
DA:13,3
DA:14,3
DA:15,1
DA:16,1
LF:16
LH:16
BRDA:3,0,0,3
BRF:1
BRH:1
end_of_record
TN:
SF:frontend\postcss.config.js
FN:1,(empty-report)
FNF:1
FNH:0
FNDA:0,(empty-report)
DA:1,0
DA:2,0
DA:3,0
DA:4,0
DA:5,0
DA:6,0
LF:6
LH:0
BRDA:1,0,0,0
BRF:1
BRH:0
end_of_record
TN:
SF:frontend\tailwind.config.js
FN:1,(empty-report)
FNF:1
FNH:0
FNDA:0,(empty-report)
DA:1,0
DA:2,0
DA:3,0
DA:4,0
DA:5,0
DA:6,0
DA:7,0
DA:8,0
DA:9,0
DA:10,0
DA:11,0
DA:12,0
LF:12
LH:0
BRDA:1,0,0,0
BRF:1
BRH:0
end_of_record
TN:
SF:frontend\src\App.jsx
FN:9,App
FNF:1
FNH:1
FNDA:1,App
DA:1,1
DA:2,1
DA:3,1
DA:4,1
DA:5,1
DA:6,1
DA:7,1
DA:9,1
DA:10,1
DA:11,1
DA:12,1
DA:13,1
DA:14,1
DA:15,1
DA:16,1
DA:17,1
DA:18,1
DA:19,1
DA:21,1
DA:23,1
LF:20
LH:20
BRDA:9,0,0,1
BRDA:14,1,0,0
BRDA:15,2,0,0
BRDA:16,3,0,0
BRF:4
BRH:1
end_of_record
TN:
SF:frontend\src\main.jsx
FNF:0
FNH:0
DA:1,1
DA:2,1
DA:3,1
DA:4,1
DA:5,1
DA:6,1
DA:7,1
DA:9,1
DA:10,1
DA:11,1
DA:12,1
DA:13,1
DA:14,1
DA:15,1
DA:16,1
DA:17,1
DA:18,1
DA:19,1
LF:18
LH:18
BRF:0
BRH:0
end_of_record
TN:
SF:frontend\src\components\messages\Message.jsx
FN:6,Message
FN:16,handleAvatarError
FNF:2
FNH:1
FNDA:2,Message
FNDA:0,handleAvatarError
DA:1,1
DA:2,1
DA:3,1
DA:4,1
DA:6,1
DA:7,2
DA:8,2
DA:9,2
DA:10,2
DA:11,2
DA:12,2
DA:13,2
DA:14,2
DA:15,2
DA:16,2
DA:17,0
DA:18,0
DA:19,0
DA:20,2
DA:21,2
DA:22,2
DA:23,2
DA:24,2
DA:25,2
DA:26,2
DA:27,2
DA:28,2
DA:29,2
DA:30,2
DA:31,2
DA:32,2
DA:34,2
DA:35,1
LF:33
LH:30
BRDA:6,0,0,2
BRDA:11,1,0,1
BRDA:11,2,0,1
BRDA:12,3,0,1
BRDA:12,4,0,1
BRDA:13,5,0,1
BRDA:14,6,0,1
BRDA:14,7,0,1
BRDA:15,8,0,0
BRF:9
BRH:8
end_of_record
TN:
SF:frontend\src\components\messages\MessageContainer.jsx
FN:8,MessageContainer
FN:36,NoChatSelected
FNF:2
FNH:2
FNDA:2,MessageContainer
FNDA:1,NoChatSelected
DA:1,1
DA:2,1
DA:3,1
DA:4,1
DA:5,1
DA:6,1
DA:8,1
DA:9,2
DA:11,2
DA:13,2
DA:14,2
DA:16,2
DA:17,2
DA:18,2
DA:19,1
DA:21,1
DA:23,1
DA:24,1
DA:25,1
DA:26,1
DA:27,1
DA:28,1
DA:29,1
DA:31,2
DA:33,2
DA:34,1
DA:36,1
DA:37,1
DA:38,1
DA:39,1
DA:40,1
DA:41,1
DA:42,1
DA:43,1
DA:44,1
DA:45,1
DA:47,1
LF:37
LH:37
BRDA:8,0,0,2
BRDA:18,1,0,1
BRDA:19,2,0,1
BRDA:11,3,0,2
BRDA:13,4,0,2
BRDA:36,5,0,1
BRF:6
BRH:6
end_of_record
TN:
SF:frontend\src\components\messages\MessageInput.jsx
FN:5,MessageInput
FN:9,handleSubmit
FN:24,onChange
FNF:3
FNH:3
FNDA:4,MessageInput
FNDA:1,handleSubmit
FNDA:1,onChange
DA:1,1
DA:2,1
DA:3,1
DA:5,1
DA:6,4
DA:7,4
DA:9,4
DA:10,1
DA:11,1
DA:12,1
DA:13,1
DA:14,1
DA:16,4
DA:17,4
DA:18,4
DA:19,4
DA:20,4
DA:21,4
DA:22,4
DA:23,4
DA:24,4
DA:26,4
DA:27,4
DA:28,4
DA:29,4
DA:30,4
DA:31,4
DA:33,4
DA:34,1
LF:29
LH:29
BRDA:5,0,0,4
BRDA:28,1,0,1
BRDA:28,2,0,3
BRDA:9,3,0,1
BRDA:11,4,0,0
BRDA:24,5,0,1
BRF:6
BRH:5
end_of_record
TN:
SF:frontend\src\components\messages\Messages.jsx
FN:7,Messages
FNF:1
FNH:1
FNDA:3,Messages
DA:1,1
DA:2,1
DA:3,1
DA:4,1
DA:5,1
DA:7,1
DA:8,3
DA:9,3
DA:10,3
DA:12,3
DA:13,3
DA:14,1
DA:15,3
DA:16,3
DA:18,3
DA:19,3
DA:20,3
DA:21,2
DA:22,1
DA:23,2
DA:24,2
DA:25,2
DA:26,1
DA:28,3
DA:29,3
DA:30,1
DA:32,3
DA:34,3
DA:35,1
LF:29
LH:29
BRDA:7,0,0,3
BRDA:20,1,0,2
BRDA:21,2,0,1
BRDA:28,3,0,1
BRDA:29,4,0,2
BRDA:29,5,0,1
BRDA:12,6,0,3
BRDA:13,7,0,1
BRDA:14,8,0,0
BRDA:22,9,0,2
BRDA:28,10,0,3
BRF:11
BRH:10
end_of_record
TN:
SF:frontend\src\components\sidebar\Conversation.jsx
FN:5,Conversation
FN:13,handleAvatarError
FN:23,onClick
FNF:3
FNH:2
FNDA:2,Conversation
FNDA:0,handleAvatarError
FNDA:1,onClick
DA:1,1
DA:2,1
DA:3,1
DA:5,1
DA:6,2
DA:8,2
DA:9,2
DA:10,2
DA:11,2
DA:13,2
DA:14,0
DA:15,0
DA:16,0
DA:18,2
DA:19,2
DA:20,2
DA:21,2
DA:22,2
DA:23,2
DA:25,2
DA:26,2
DA:27,2
DA:28,2
DA:29,2
DA:30,2
DA:31,2
DA:32,2
DA:33,2
DA:35,2
DA:36,2
DA:37,2
DA:38,2
DA:39,2
DA:40,2
DA:41,2
DA:43,2
DA:44,2
DA:46,2
DA:47,1
LF:39
LH:36
BRDA:5,0,0,2
BRDA:8,1,0,1
BRDA:22,2,0,1
BRDA:22,3,0,1
BRDA:25,4,0,1
BRDA:25,5,0,1
BRDA:43,6,0,1
BRDA:23,7,0,1
BRF:8
BRH:8
end_of_record
TN:
SF:frontend\src\components\sidebar\Conversations.jsx
FN:5,Conversations
FNF:1
FNH:1
FNDA:2,Conversations
DA:1,1
DA:2,1
DA:3,1
DA:5,1
DA:6,2
DA:7,2
DA:8,2
DA:9,2
DA:10,2
DA:11,2
DA:12,2
DA:13,2
DA:14,2
DA:15,2
DA:16,2
DA:17,2
DA:18,2
DA:20,2
DA:21,1
LF:19
LH:19
BRDA:5,0,0,2
BRDA:17,1,0,1
BRDA:17,2,0,1
BRDA:9,3,0,2
BRF:4
BRH:4
end_of_record
TN:
SF:frontend\src\components\sidebar\LogoutButton.jsx
FN:4,LogoutButton
FNF:1
FNH:1
FNDA:2,LogoutButton
DA:1,1
DA:2,1
DA:4,1
DA:5,2
DA:7,2
DA:8,2
DA:9,2
DA:10,1
DA:12,1
DA:14,2
DA:16,2
DA:17,1
LF:12
LH:12
BRDA:4,0,0,2
BRDA:9,1,0,1
BRDA:10,2,0,1
BRF:3
BRH:3
end_of_record
TN:
SF:frontend\src\components\sidebar\SearchInput.jsx
FN:7,SearchInput
FN:12,handleSubmit
FN:33,onChange
FNF:3
FNH:3
FNDA:7,SearchInput
FNDA:3,handleSubmit
FNDA:3,onChange
DA:1,1
DA:2,1
DA:3,1
DA:4,1
DA:5,1
DA:7,1
DA:8,7
DA:9,7
DA:10,7
DA:12,7
DA:13,3
DA:14,3
DA:15,3
DA:16,1
DA:17,1
DA:19,2
DA:21,3
DA:22,1
DA:23,1
DA:24,1
DA:25,3
DA:26,7
DA:27,7
DA:28,7
DA:29,7
DA:30,7
DA:31,7
DA:32,7
DA:33,7
DA:34,7
DA:35,7
DA:36,7
DA:37,7
DA:38,7
DA:40,7
DA:41,1
LF:36
LH:36
BRDA:7,0,0,7
BRDA:12,1,0,3
BRDA:14,2,0,0
BRDA:15,3,0,1
BRDA:17,4,0,2
BRDA:21,5,0,1
BRDA:19,6,0,1
BRDA:33,7,0,3
BRF:8
BRH:7
end_of_record
TN:
SF:frontend\src\components\sidebar\Sidebar.jsx
FN:5,Sidebar
FNF:1
FNH:1
FNDA:1,Sidebar
DA:1,1
DA:2,1
DA:3,1
DA:5,1
DA:6,1
DA:7,1
DA:8,1
DA:9,1
DA:10,1
DA:11,1
DA:12,1
DA:14,1
DA:15,1
LF:13
LH:13
BRDA:5,0,0,1
BRF:1
BRH:1
end_of_record
TN:
SF:frontend\src\components\skeletons\MessageSkeleton.jsx
FN:1,MessageSkeleton
FNF:1
FNH:1
FNDA:1,MessageSkeleton
DA:1,1
DA:2,1
DA:3,1
DA:4,1
DA:5,1
DA:6,1
DA:7,1
DA:8,1
DA:9,1
DA:10,1
DA:11,1
DA:12,1
DA:13,1
DA:14,1
DA:15,1
DA:16,1
DA:17,1
DA:19,1
DA:20,1
LF:19
LH:19
BRDA:1,0,0,1
BRF:1
BRH:1
end_of_record
TN:
SF:frontend\src\context\AuthContext.jsx
FN:6,useAuthContext
FN:10,AuthContextProvider
FNF:2
FNH:1
FNDA:2,useAuthContext
FNDA:0,AuthContextProvider
DA:1,1
DA:4,1
DA:6,1
DA:7,2
DA:8,2
DA:10,1
DA:11,0
DA:13,0
DA:14,0
LF:9
LH:6
BRDA:6,0,0,2
BRF:1
BRH:1
end_of_record
TN:
SF:frontend\src\context\SocketContext.jsx
FN:8,useSocketContext
FN:12,SocketContextProvider
FNF:2
FNH:2
FNDA:3,useSocketContext
FNDA:3,SocketContextProvider
DA:1,1
DA:6,1
DA:8,1
DA:9,3
DA:10,3
DA:12,1
DA:13,3
DA:14,3
DA:15,3
DA:17,3
DA:18,1
DA:19,0
DA:20,0
DA:21,0
DA:22,0
DA:23,0
DA:24,0
DA:25,0
DA:27,1
DA:28,1
DA:29,1
DA:30,1
DA:31,1
DA:33,1
DA:34,1
DA:35,1
DA:36,1
DA:38,1
DA:39,1
DA:40,1
DA:41,1
DA:42,3
DA:44,3
DA:45,3
LF:34
LH:27
BRDA:8,0,0,3
BRDA:12,1,0,3
BRDA:17,2,0,1
BRDA:18,3,0,0
BRDA:34,4,0,1
BRDA:38,5,0,1
BRF:6
BRH:5
end_of_record
TN:
SF:frontend\src\hooks\useGetConversations.js
FN:4,useGetConversations
FN:9,getConversations
FNF:2
FNH:2
FNDA:6,useGetConversations
FNDA:2,getConversations
DA:1,1
DA:2,1
DA:3,1
DA:4,1
DA:5,6
DA:6,6
DA:7,6
DA:8,6
DA:9,2
DA:10,2
DA:11,2
DA:12,2
DA:13,2
DA:14,2
DA:15,1
DA:16,1
DA:17,1
DA:18,1
DA:19,1
DA:20,2
DA:21,2
DA:22,2
DA:23,2
DA:24,2
DA:25,2
DA:26,6
DA:27,6
DA:28,6
DA:29,6
DA:30,1
LF:30
LH:30
BRDA:4,0,0,6
BRDA:8,1,0,2
BRDA:9,2,0,2
BRDA:14,3,0,1
BRF:4
BRH:4
end_of_record
TN:
SF:frontend\src\hooks\useGetMessages.js
FN:6,useGetMessages
FN:11,getMessages
FNF:2
FNH:2
FNDA:4,useGetMessages
FNDA:2,getMessages
DA:1,1
DA:2,1
DA:3,1
DA:4,1
DA:5,1
DA:6,1
DA:7,4
DA:8,4
DA:9,4
DA:10,4
DA:11,2
DA:12,2
DA:13,2
DA:14,2
DA:15,2
DA:16,2
DA:17,1
DA:18,1
DA:19,1
DA:20,2
DA:21,2
DA:22,2
DA:23,2
DA:24,2
DA:25,4
DA:26,4
DA:27,4
DA:28,4
DA:29,1
DA:30,1
LF:30
LH:30
BRDA:6,0,0,4
BRDA:10,1,0,2
BRDA:11,2,0,2
BRDA:16,3,0,1
BRF:4
BRH:4
end_of_record
TN:
SF:frontend\src\hooks\useListenMessages.js
FN:8,useListenMessages
FNF:1
FNH:1
FNDA:1,useListenMessages
DA:1,1
DA:2,1
DA:3,1
DA:4,1
DA:5,1
DA:6,1
DA:7,1
DA:8,1
DA:9,1
DA:10,1
DA:11,1
DA:12,1
DA:13,1
DA:14,1
DA:15,1
DA:16,1
DA:17,1
DA:18,1
DA:19,1
DA:20,1
DA:21,1
DA:22,1
DA:23,1
LF:23
LH:23
BRDA:8,0,0,1
BRDA:12,1,0,1
BRDA:13,2,0,1
BRDA:20,3,0,1
BRF:4
BRH:4
end_of_record
TN:
SF:frontend\src\hooks\useLogin.js
FN:5,useLogin
FN:9,login
FN:38,handleInputErrors
FNF:3
FNH:3
FNDA:4,useLogin
FNDA:2,login
FNDA:2,handleInputErrors
DA:1,1
DA:2,1
DA:3,1
DA:4,1
DA:5,1
DA:6,4
DA:7,4
DA:8,4
DA:9,4
DA:10,2
DA:11,2
DA:12,1
DA:13,1
DA:14,1
DA:15,1
DA:16,1
DA:17,1
DA:18,1
DA:19,1
DA:20,1
DA:21,2
DA:22,0
DA:23,0
DA:24,1
DA:25,1
DA:26,1
DA:27,2
DA:28,0
DA:29,2
DA:30,1
DA:31,1
DA:32,4
DA:33,4
DA:34,4
DA:35,4
DA:36,1
DA:37,1
DA:38,2
DA:39,2
DA:40,1
DA:41,1
DA:42,1
DA:43,1
DA:44,1
DA:45,1
LF:45
LH:42
BRDA:5,0,0,4
BRDA:9,1,0,2
BRDA:11,2,0,1
BRDA:21,3,0,0
BRDA:24,4,0,1
BRDA:27,5,0,0
BRDA:29,6,0,1
BRDA:38,7,0,2
BRDA:39,8,0,1
BRDA:39,9,0,1
BRF:10
BRH:8
end_of_record
TN:
SF:frontend\src\hooks\useLogout.js
FN:5,useLogout
FN:9,logout
FNF:2
FNH:2
FNDA:4,useLogout
FNDA:2,logout
DA:1,1
DA:2,1
DA:3,1
DA:4,1
DA:5,1
DA:6,4
DA:7,4
DA:8,4
DA:9,4
DA:10,2
DA:11,2
DA:12,2
DA:13,2
DA:14,2
DA:15,2
DA:16,2
DA:17,2
DA:18,1
DA:19,1
DA:20,1
DA:21,1
DA:22,1
DA:23,1
DA:24,1
DA:25,2
DA:26,2
DA:27,2
DA:28,4
DA:29,4
DA:30,4
DA:31,4
DA:32,1
LF:32
LH:32
BRDA:5,0,0,4
BRDA:9,1,0,2
BRDA:17,2,0,1
BRF:3
BRH:3
end_of_record
TN:
SF:frontend\src\hooks\useSendMessages.js
FN:5,useSendMessages
FN:9,sendMessage
FNF:2
FNH:2
FNDA:4,useSendMessages
FNDA:2,sendMessage
DA:1,1
DA:2,1
DA:3,1
DA:4,1
DA:5,1
DA:6,4
DA:7,4
DA:8,4
DA:9,4
DA:10,2
DA:11,2
DA:12,2
DA:13,2
DA:14,2
DA:15,2
DA:16,2
DA:17,2
DA:18,2
DA:19,2
DA:20,2
DA:21,2
DA:22,1
DA:23,1
DA:24,1
DA:25,1
DA:26,2
DA:27,2
DA:28,2
DA:29,4
DA:30,4
DA:31,4
DA:32,4
DA:33,4
DA:34,1
LF:34
LH:34
BRDA:5,0,0,4
BRDA:9,1,0,2
BRDA:21,2,0,1
BRF:3
BRH:3
end_of_record
TN:
SF:frontend\src\hooks\useSignup.js
FN:5,useSignup
FN:9,signup
FN:38,handleInputErrors
FNF:3
FNH:3
FNDA:3,useSignup
FNDA:2,signup
FNDA:2,handleInputErrors
DA:1,1
DA:2,1
DA:3,1
DA:4,1
DA:5,1
DA:6,3
DA:7,3
DA:8,3
DA:9,3
DA:10,2
DA:11,2
DA:12,1
DA:13,1
DA:14,1
DA:15,1
DA:16,1
DA:17,1
DA:18,1
DA:19,1
DA:20,1
DA:21,1
DA:22,2
DA:23,0
DA:24,0
DA:25,1
DA:26,1
DA:27,2
DA:28,0
DA:29,2
DA:30,1
DA:31,1
DA:32,3
DA:33,3
DA:34,3
DA:35,3
DA:36,1
DA:37,1
DA:38,2
DA:39,2
DA:40,0
DA:41,0
DA:42,0
DA:43,2
DA:44,2
DA:45,1
DA:46,1
DA:47,1
DA:48,1
DA:49,2
DA:50,0
DA:51,0
DA:52,0
DA:53,1
DA:54,1
DA:55,1
LF:55
LH:46
BRDA:5,0,0,3
BRDA:9,1,0,2
BRDA:11,2,0,1
BRDA:22,3,0,0
BRDA:25,4,0,1
BRDA:27,5,0,0
BRDA:29,6,0,1
BRDA:38,7,0,2
BRDA:39,8,0,0
BRDA:44,9,0,1
BRDA:49,10,0,0
BRDA:53,11,0,1
BRF:12
BRH:8
end_of_record
TN:
SF:frontend\src\pages\home\Home.jsx
FN:4,Home
FNF:1
FNH:1
FNDA:1,Home
DA:1,1
DA:2,1
DA:4,1
DA:5,1
DA:6,1
DA:7,1
DA:8,1
DA:9,1
DA:11,1
DA:12,1
LF:10
LH:10
BRDA:4,0,0,1
BRF:1
BRH:1
end_of_record
TN:
SF:frontend\src\pages\login\Login.jsx
FN:5,Login
FN:11,handleSubmit
FN:34,onChange
FN:47,onChange
FNF:4
FNH:4
FNDA:5,Login
FNDA:1,handleSubmit
FNDA:1,onChange
FNDA:1,onChange
DA:1,1
DA:2,1
DA:3,1
DA:5,1
DA:6,5
DA:7,5
DA:9,5
DA:11,5
DA:12,1
DA:13,1
DA:14,1
DA:16,5
DA:17,5
DA:18,5
DA:19,5
DA:21,5
DA:22,5
DA:24,5
DA:25,5
DA:26,5
DA:27,5
DA:28,5
DA:29,5
DA:30,5
DA:31,5
DA:32,5
DA:33,5
DA:34,5
DA:35,5
DA:36,5
DA:38,5
DA:39,5
DA:40,5
DA:41,5
DA:42,5
DA:43,5
DA:44,5
DA:45,5
DA:46,5
DA:47,5
DA:48,5
DA:49,5
DA:50,5
DA:51,5
DA:52,5
DA:54,5
DA:55,5
DA:56,5
DA:57,5
DA:58,5
DA:59,5
DA:60,5
DA:61,5
DA:63,5
DA:64,1
LF:55
LH:55
BRDA:5,0,0,5
BRDA:56,1,0,1
BRDA:56,2,0,4
BRDA:11,3,0,1
BRDA:34,4,0,1
BRDA:47,5,0,1
BRF:6
BRH:6
end_of_record
TN:
SF:frontend\src\pages\signup\GenderCheckbox.jsx
FN:1,GenderCheckbox
FN:11,onChange
FN:22,onChange
FNF:3
FNH:2
FNDA:1,GenderCheckbox
FNDA:0,onChange
FNDA:1,onChange
DA:1,1
DA:2,1
DA:3,1
DA:4,1
DA:5,1
DA:6,1
DA:7,1
DA:8,1
DA:9,1
DA:10,1
DA:11,1
DA:12,1
DA:13,1
DA:14,1
DA:15,1
DA:16,1
DA:17,1
DA:18,1
DA:19,1
DA:20,1
DA:21,1
DA:22,1
DA:23,1
DA:24,1
DA:25,1
DA:26,1
DA:28,1
DA:29,1
LF:28
LH:28
BRDA:1,0,0,1
BRDA:5,1,0,0
BRDA:16,2,0,0
BRDA:22,3,0,1
BRF:4
BRH:2
end_of_record
TN:
SF:frontend\src\pages\signup\SignUp.jsx
FN:6,SignUp
FN:17,handleCheckboxChange
FN:21,handleSubmit
FN:43,onChange
FN:56,onChange
FN:69,onChange
FN:82,onChange
FNF:7
FNH:7
FNDA:7,SignUp
FNDA:1,handleCheckboxChange
FNDA:2,handleSubmit
FNDA:1,onChange
FNDA:1,onChange
FNDA:1,onChange
FNDA:1,onChange
DA:1,1
DA:2,1
DA:3,1
DA:4,1
DA:6,1
DA:7,7
DA:8,7
DA:9,7
DA:10,7
DA:11,7
DA:12,7
DA:13,7
DA:15,7
DA:17,7
DA:18,1
DA:19,1
DA:21,7
DA:22,2
DA:23,2
DA:24,2
DA:26,7
DA:27,7
DA:28,7
DA:29,7
DA:30,7
DA:31,7
DA:33,7
DA:34,7
DA:35,7
DA:36,7
DA:37,7
DA:38,7
DA:39,7
DA:40,7
DA:41,7
DA:42,7
DA:43,7
DA:44,7
DA:45,7
DA:47,7
DA:48,7
DA:49,7
DA:50,7
DA:51,7
DA:52,7
DA:53,7
DA:54,7
DA:55,7
DA:56,7
DA:57,7
DA:58,7
DA:60,7
DA:61,7
DA:62,7
DA:63,7
DA:64,7
DA:65,7
DA:66,7
DA:67,7
DA:68,7
DA:69,7
DA:70,7
DA:71,7
DA:73,7
DA:74,7
DA:75,7
DA:76,7
DA:77,7
DA:78,7
DA:79,7
DA:80,7
DA:81,7
DA:82,7
DA:83,7
DA:84,7
DA:86,7
DA:88,7
DA:89,7
DA:90,7
DA:91,7
DA:92,7
DA:94,7
DA:96,7
DA:97,7
DA:98,7
DA:99,7
DA:100,7
DA:102,7
DA:103,7
DA:104,7
DA:105,7
DA:106,7
DA:107,7
DA:109,7
DA:110,1
LF:95
LH:95
BRDA:6,0,0,7
BRDA:102,1,0,1
BRDA:102,2,0,6
BRDA:17,3,0,1
BRDA:21,4,0,2
BRDA:43,5,0,1
BRDA:56,6,0,1
BRDA:69,7,0,1
BRDA:82,8,0,1
BRF:9
BRH:9
end_of_record
TN:
SF:frontend\src\utils\emojis.js
FN:58,getRandomEmoji
FNF:1
FNH:0
FNDA:0,getRandomEmoji
DA:1,1
DA:2,1
DA:3,1
DA:4,1
DA:5,1
DA:6,1
DA:7,1
DA:8,1
DA:9,1
DA:10,1
DA:11,1
DA:12,1
DA:13,1
DA:14,1
DA:15,1
DA:16,1
DA:17,1
DA:18,1
DA:19,1
DA:20,1
DA:21,1
DA:22,1
DA:23,1
DA:24,1
DA:25,1
DA:26,1
DA:27,1
DA:28,1
DA:29,1
DA:30,1
DA:31,1
DA:32,1
DA:33,1
DA:34,1
DA:35,1
DA:36,1
DA:37,1
DA:38,1
DA:39,1
DA:40,1
DA:41,1
DA:42,1
DA:43,1
DA:44,1
DA:45,1
DA:46,1
DA:47,1
DA:48,1
DA:49,1
DA:50,1
DA:51,1
DA:52,1
DA:53,1
DA:54,1
DA:55,1
DA:56,1
DA:57,1
DA:58,1
DA:59,0
DA:60,0
LF:60
LH:58
BRF:0
BRH:0
end_of_record
TN:
SF:frontend\src\utils\extractTime.js
FN:1,extractTime
FN:9,padZero
FNF:2
FNH:2
FNDA:4,extractTime
FNDA:8,padZero
DA:1,1
DA:2,4
DA:3,4
DA:4,4
DA:5,4
DA:6,4
DA:7,1
DA:8,1
DA:9,8
DA:10,8
DA:11,8
LF:11
LH:11
BRDA:1,0,0,4
BRDA:9,1,0,8
BRF:2
BRH:2
end_of_record
TN:
SF:frontend\src\zustand\useConversation.js
FN:5,setSelectedConversation
FN:7,setMessages
FNF:2
FNH:0
FNDA:0,setSelectedConversation
FNDA:0,setMessages
DA:1,1
DA:2,1
DA:3,1
DA:4,1
DA:5,1
DA:6,1
DA:7,1
DA:8,1
DA:9,1
DA:10,1
LF:10
LH:10
BRDA:3,0,0,1
BRF:1
BRH:1
end_of_record
